2024-08-14 18:27:47,691 - app_logger - INFO - Model server started.
2024-08-14 18:27:47,693 - app_logger - INFO - Shutting down...
2024-08-14 18:28:47,063 - app_logger - INFO - Model server started.
2024-08-14 18:30:58,768 - app_logger - INFO - Model server started.
2024-08-14 18:32:22,010 - app_logger - INFO - Model server starting...
2024-08-14 18:33:36,235 - app_logger - INFO - Model server starting...
2024-08-14 18:33:38,262 - app_logger - INFO - Application stopped.
2024-08-14 18:36:08,577 - app_logger - INFO - Model server starting...
2024-08-14 18:36:10,603 - app_logger - INFO - Application stopped.
2024-08-14 18:41:41,841 - app_logger - INFO - Model server starting...
2024-08-14 18:42:55,517 - app_logger - INFO - Model server starting...
2024-08-14 18:44:25,148 - app_logger - INFO - Model server starting...
2024-08-14 18:44:27,184 - app_logger - INFO - Application stopped.
2024-08-14 18:45:25,971 - app_logger - INFO - Model server starting...
2024-08-14 18:45:27,986 - app_logger - INFO - Application stopped.
2024-08-14 18:48:34,593 - app_logger - INFO - Model server starting...
2024-08-14 18:48:36,637 - app_logger - INFO - Application stopped.
2024-08-14 18:49:21,582 - app_logger - INFO - Model server starting...
2024-08-14 18:49:21,594 - app_logger - INFO - Model server started
2024-08-14 18:49:23,610 - app_logger - INFO - Application stopped.
2024-08-14 18:52:24,163 - app_logger - INFO - Model server starting...
2024-08-14 18:52:24,172 - app_logger - INFO - Model server started
2024-08-14 19:05:12,769 - app_logger - INFO - Initiating shutdown...
2024-08-14 19:05:14,782 - app_logger - INFO - Application stopped.
2024-08-14 19:10:51,413 - app_logger - INFO - Model server starting...
2024-08-14 19:10:51,436 - app_logger - INFO - Model server started
2024-08-14 19:15:23,033 - app_logger - INFO - Initiating shutdown...
2024-08-14 19:16:15,159 - app_logger - INFO - Model server starting...
2024-08-14 19:16:15,159 - app_logger - INFO - Model server started
2024-08-14 19:16:15,513 - app_logger - INFO - Application stopped.
2024-08-14 19:17:26,612 - app_logger - INFO - Initiating shutdown...
2024-08-14 19:18:06,570 - app_logger - INFO - Model server starting...
2024-08-14 19:18:06,586 - app_logger - INFO - Model server started
2024-08-14 19:26:58,826 - app_logger - INFO - Initiating shutdown...
2024-08-14 19:27:00,849 - app_logger - INFO - Application stopped.
